2025-10-27T15:23:40: 
2025-10-27T15:23:40: > railway-amenities@0.1.0 start
2025-10-27T15:23:40: > next start -p 3004
2025-10-27T15:23:40: 
2025-10-27T15:23:41:    ▲ Next.js 14.0.4
2025-10-27T15:23:41:    - Local:        http://localhost:3004
2025-10-27T15:23:41: 
2025-10-27T15:23:41:  ✓ Ready in 733ms
2025-10-27T16:56:08: 
2025-10-27T16:56:08: > railway-amenities@0.1.0 start
2025-10-27T16:56:08: > next start -p 3004
2025-10-27T16:56:08: 
2025-10-27T16:56:09:    ▲ Next.js 14.0.4
2025-10-27T16:56:09:    - Local:        http://localhost:3004
2025-10-27T16:56:09: 
2025-10-27T16:56:10:  ✓ Ready in 1375ms
2025-11-04T12:39:25: 
2025-11-04T12:39:25: > railway-amenities@0.1.0 start
2025-11-04T12:39:25: > next start -p 3004
2025-11-04T12:39:25: 
2025-11-04T12:39:25:    ▲ Next.js 14.0.4
2025-11-04T12:39:25:    - Local:        http://localhost:3004
2025-11-04T12:39:25: 
2025-11-04T12:39:26:  ✓ Ready in 305ms
2025-11-04T14:26:46: 
2025-11-04T14:26:46: > railway-amenities@0.1.0 start
2025-11-04T14:26:46: > next start -p 3004
2025-11-04T14:26:46: 
2025-11-04T14:44:02: 
2025-11-04T14:44:02: > railway-amenities@0.1.0 start
2025-11-04T14:44:02: > next start -p 3004
2025-11-04T14:44:02: 
2025-11-04T14:44:02:    ▲ Next.js 14.0.4
2025-11-04T14:44:02:    - Local:        http://localhost:3004
2025-11-04T14:44:02: 
2025-11-04T14:44:02:  ✓ Ready in 282ms
2025-11-04T15:19:57: 
2025-11-04T15:19:57: > railway-amenities@0.1.0 start
2025-11-04T15:19:57: > next start -p 3004
2025-11-04T15:19:57: 
2025-11-04T15:19:57:    ▲ Next.js 14.0.4
2025-11-04T15:19:57:    - Local:        http://localhost:3004
2025-11-04T15:19:57: 
2025-11-04T15:19:57:  ✓ Ready in 309ms
2025-11-04T15:44:12: 
2025-11-04T15:44:12: > railway-amenities@0.1.0 start
2025-11-04T15:44:12: > next start -p 3004
2025-11-04T15:44:12: 
2025-11-04T15:44:13:    ▲ Next.js 14.0.4
2025-11-04T15:44:13:    - Local:        http://localhost:3004
2025-11-04T15:44:13: 
2025-11-04T15:44:13:  ✓ Ready in 307ms
2025-11-11T14:54:01: 
2025-11-11T14:54:01: > railway-amenities@0.1.0 start
2025-11-11T14:54:01: > next start -p 3004
2025-11-11T14:54:01: 
2025-11-11T14:57:50: 
2025-11-11T14:57:50: > railway-amenities@0.1.0 start
2025-11-11T14:57:50: > next start -p ${PORT:-3006}
2025-11-11T14:57:50: 
2025-11-11T14:57:50:    ▲ Next.js 14.0.4
2025-11-11T14:57:50:    - Local:        http://localhost:3006
2025-11-11T14:57:50: 
2025-11-11T14:57:50:  ✓ Ready in 329ms
2025-11-24T13:39:47: 
2025-11-24T13:39:47: > railway-amenities@0.1.0 start
2025-11-24T13:39:47: > next start -p ${PORT:-3006}
2025-11-24T13:39:47: 
2025-11-24T13:39:48:    ▲ Next.js 14.0.4
2025-11-24T13:39:48:    - Local:        http://localhost:3006
2025-11-24T13:39:48: 
2025-11-24T13:39:48:  ✓ Ready in 447ms
